<?xml version="1.0" encoding="UTF-8"?>
<!-- Generated by org.testng.reporters.JUnitXMLReporter -->
<testsuite ignored="2" hostname="COMPND-LTP-662" failures="0" tests="1" name="My TestBG regrssion Test cases" time="5.186" errors="0" timestamp="20 Nov 2021 08:55:26 GMT">
  <testcase classname="Amazon.loginPageTest" name="SignInTest" time="0.992"/>
  <testcase classname="Amazon.loginPageTest" name="loginTest" time="0.0">
    <ignored/>
  </testcase> <!-- loginTest -->
  <testcase classname="Amazon.loginPageTest" name="verifyTitleTest" time="0.0">
    <ignored/>
  </testcase> <!-- verifyTitleTest -->
</testsuite> <!-- My TestBG regrssion Test cases -->
