<?xml version="1.0" encoding="UTF-8"?>
<!-- Generated by org.testng.reporters.JUnitXMLReporter -->
<testsuite ignored="2" hostname="COMPND-LTP-662" failures="0" tests="1" name="My TestBG basics Test cases" time="4.302" errors="0" timestamp="20 Nov 2021 09:09:16 GMT">
  <testcase classname="Amazon.loginPageTest" name="SignInTest" time="1.001"/>
  <testcase classname="Amazon.loginPageTest" name="loginTest" time="0.0">
    <ignored/>
  </testcase> <!-- loginTest -->
  <testcase classname="Amazon.loginPageTest" name="verifyTitleTest" time="0.0">
    <ignored/>
  </testcase> <!-- verifyTitleTest -->
</testsuite> <!-- My TestBG basics Test cases -->
