<?xml version="1.0" encoding="UTF-8"?>
<!-- Generated by org.testng.reporters.JUnitXMLReporter -->
<testsuite ignored="0" hostname="COMPND-LTP-662" failures="0" tests="10" name="Default test" time="0.038" errors="0" timestamp="19 Nov 2021 15:11:45 GMT">
  <testcase classname="Amazon.InvocationCount" name="test1" time="0.007"/>
  <testcase classname="Amazon.InvocationCount" name="test1" time="0.001"/>
  <testcase classname="Amazon.InvocationCount" name="test1" time="0.001"/>
  <testcase classname="Amazon.InvocationCount" name="test1" time="0.001"/>
  <testcase classname="Amazon.InvocationCount" name="test1" time="0.001"/>
  <testcase classname="Amazon.InvocationCount" name="test1" time="0.001"/>
  <testcase classname="Amazon.InvocationCount" name="test1" time="0.0"/>
  <testcase classname="Amazon.InvocationCount" name="test1" time="0.001"/>
  <testcase classname="Amazon.InvocationCount" name="test1" time="0.001"/>
  <testcase classname="Amazon.InvocationCount" name="test1" time="0.001"/>
</testsuite> <!-- Default test -->
